<?xml version="1.0" encoding="UTF-8" ?>
<testsuites>

  <testsuite name="Player" errors="2" tests="1" failures="1" time="0.026" timestamp="Sat Jul 02 2016 08:16:06 GMT+0530 (India Standard Time)">
    
      <testcase assertions="0" classname="Player" name="should be able to play a Song" time="0.005">
        
          <failure><![CDATA[TypeError: undefined is not a constructor (evaluating 'this.addMatchers') in file:///C:/Users/maneesh.thareja/Desktop/Tools%20Evaluation/CI/final/UI_Grunt_Git_Job/spec/SpecHelper.js (line 4)]]></failure>
        
          <failure><![CDATA[TypeError: undefined is not a constructor (evaluating 'expect(player).toBePlaying(song)') in file:///C:/Users/maneesh.thareja/Desktop/Tools%20Evaluation/CI/final/UI_Grunt_Git_Job/spec/PlayerSpec.js (line 19)]]></failure>
        
      </testcase>
    
  </testsuite>

</testsuites>