<?xml version="1.0" encoding="UTF-8" ?>
<testsuites>

  <testsuite name="Player when song has been paused" errors="4" tests="3" failures="3" time="0.007" timestamp="Sat Jul 02 2016 08:16:06 GMT+0530 (India Standard Time)">
    
      <testcase assertions="0" classname="Player when song has been paused" name="should indicate that the song is currently paused" time="0.002">
        
          <failure><![CDATA[TypeError: undefined is not a constructor (evaluating 'this.addMatchers') in file:///C:/Users/maneesh.thareja/Desktop/Tools%20Evaluation/CI/final/UI_Grunt_Git_Job/spec/SpecHelper.js (line 4)]]></failure>
        
          <failure><![CDATA[TypeError: undefined is not a constructor (evaluating 'expect(player).not.toBePlaying(song)') in file:///C:/Users/maneesh.thareja/Desktop/Tools%20Evaluation/CI/final/UI_Grunt_Git_Job/spec/PlayerSpec.js (line 32)]]></failure>
        
      </testcase>
    
      <testcase assertions="0" classname="Player when song has been paused" name="should be possible to resume" time="0.001">
        
          <failure><![CDATA[TypeError: undefined is not a constructor (evaluating 'this.addMatchers') in file:///C:/Users/maneesh.thareja/Desktop/Tools%20Evaluation/CI/final/UI_Grunt_Git_Job/spec/SpecHelper.js (line 4)]]></failure>
        
      </testcase>
    
      <testcase assertions="0" classname="Player when song has been paused" name="tells the current song if the user has made it a favorite" time="0.003">
        
          <failure><![CDATA[TypeError: undefined is not a constructor (evaluating 'this.addMatchers') in file:///C:/Users/maneesh.thareja/Desktop/Tools%20Evaluation/CI/final/UI_Grunt_Git_Job/spec/SpecHelper.js (line 4)]]></failure>
        
      </testcase>
    
  </testsuite>

</testsuites>